<?xml version="1.0" encoding="UTF-8"?>
<!-- Generated by org.testng.reporters.JUnitXMLReporter -->
<testsuite ignored="5" hostname="DESKTOP-FFTSIEL" failures="0" tests="1" name="Test1" time="8.471" errors="0" timestamp="2025-10-03T02:53:16 IST">
  <testcase classname="JavaProgram.TestProgram" name="crossBrowse" time="8.464"/>
  <testcase classname="JavaProgram.TestProgram" name="excelSheet" time="0.0">
    <ignored/>
  </testcase> <!-- excelSheet -->
  <testcase classname="JavaProgram.TestProgram" name="BrokenLink" time="0.0">
    <ignored/>
  </testcase> <!-- BrokenLink -->
  <testcase classname="JavaProgram.TestProgram" name="Autosuggestion" time="0.0">
    <ignored/>
  </testcase> <!-- Autosuggestion -->
  <testcase classname="JavaProgram.TestProgram" name="dropDown" time="0.0">
    <ignored/>
  </testcase> <!-- dropDown -->
  <testcase classname="JavaProgram.TestProgram" name="webtable" time="0.0">
    <ignored/>
  </testcase> <!-- webtable -->
</testsuite> <!-- Test1 -->
