<?xml version="1.0" encoding="UTF-8"?>
<!-- Generated by org.testng.reporters.JUnitXMLReporter -->
<testsuite ignored="0" hostname="DESKTOP-FFTSIEL" failures="0" tests="9" name="Test" time="0.444" errors="0" timestamp="2025-10-03T21:27:27 IST">
  <testcase classname="JavaProgram.parallel" name="tc5" time="0.26"/>
  <testcase classname="JavaProgram.parallel" name="tc1" time="0.251"/>
  <testcase classname="JavaProgram.parallel" name="tc2" time="0.263"/>
  <testcase classname="JavaProgram.parallel" name="tc3" time="0.264"/>
  <testcase classname="JavaProgram.parallel" name="tc4" time="0.261"/>
  <testcase classname="JavaProgram.parallel" name="tc8" time="0.008"/>
  <testcase classname="JavaProgram.parallel" name="tc9" time="0.007"/>
  <testcase classname="JavaProgram.parallel" name="tc7" time="0.06"/>
  <testcase classname="JavaProgram.parallel" name="tc6" time="0.079"/>
</testsuite> <!-- Test -->
