<?xml version="1.0" encoding="UTF-8"?>
<!-- Generated by org.testng.reporters.JUnitReportReporter -->
<testsuite hostname="DESKTOP-FFTSIEL" failures="0" tests="9" name="JavaProgram.parallel" time="1.453" errors="0" timestamp="2025-10-03T21:27:27 IST" skipped="0">
  <testcase classname="JavaProgram.parallel" name="tc6" time="0.079"/>
  <system-out/>
  <testcase classname="JavaProgram.parallel" name="tc1" time="0.251"/>
  <system-out/>
  <testcase classname="JavaProgram.parallel" name="tc4" time="0.261"/>
  <system-out/>
  <testcase classname="JavaProgram.parallel" name="tc5" time="0.260"/>
  <system-out/>
  <testcase classname="JavaProgram.parallel" name="tc7" time="0.060"/>
  <system-out/>
  <testcase classname="JavaProgram.parallel" name="tc9" time="0.007"/>
  <system-out/>
  <testcase classname="JavaProgram.parallel" name="tc3" time="0.264"/>
  <system-out/>
  <testcase classname="JavaProgram.parallel" name="tc8" time="0.008"/>
  <system-out/>
  <testcase classname="JavaProgram.parallel" name="tc2" time="0.263"/>
  <system-out/>
</testsuite> <!-- JavaProgram.parallel -->
