<?xml version="1.0" encoding="UTF-8"?>
<!-- Generated by org.testng.reporters.JUnitReportReporter -->
<testsuite hostname="DESKTOP-FFTSIEL" failures="0" tests="4" name="JavaProgram.TestProgram" time="11.937" errors="0" timestamp="2025-10-03T02:53:17 IST" skipped="2">
  <testcase classname="JavaProgram.TestProgram" name="crossBrowse" time="3.473"/>
  <system-out/>
  <testcase classname="JavaProgram.TestProgram" name="crossBrowse" time="8.464"/>
  <system-out/>
  <testcase classname="JavaProgram.TestProgram" name="BrokenLink">
    <skipped/>
  </testcase> <!-- BrokenLink -->
  <system-out/>
  <testcase classname="JavaProgram.TestProgram" name="BrokenLink">
    <skipped/>
  </testcase> <!-- BrokenLink -->
  <system-out/>
</testsuite> <!-- JavaProgram.TestProgram -->
